<?xml version="1.0" encoding="UTF-8"?>
<!-- Generated by org.testng.reporters.JUnitReportReporter -->
<testsuite hostname="DESKTOP-KEA0758" failures="0" tests="1" name="pckage1.testngclass" time="2.375" errors="0" timestamp="2024-12-27T15:39:38 IST" skipped="0">
  <testcase classname="pckage1.testngclass" name="verifyHomepageTitle" time="2.375"/>
  <system-out/>
</testsuite> <!-- pckage1.testngclass -->
