<?xml version="1.0" encoding="UTF-8"?>
<!-- Generated by org.testng.reporters.JUnitReportReporter -->
<testsuite hostname="DESKTOP-KEA0758" failures="0" tests="4" name="pckage1.testngClass2" time="5.242" errors="0" timestamp="2025-01-03T11:01:10 IST" skipped="0">
  <testcase classname="pckage1.testngClass2" name="verifyHomepageTitle" time="0.015"/>
  <system-out/>
  <testcase classname="pckage1.testngClass2" name="addcustomerlink" time="1.041"/>
  <system-out/>
  <testcase classname="pckage1.testngClass2" name="addcustomerradiobutton1" time="4.109"/>
  <system-out/>
  <testcase classname="pckage1.testngClass2" name="addcustomerradiobutton2" time="0.077"/>
  <system-out/>
</testsuite> <!-- pckage1.testngClass2 -->
